<?xml version="1.0" encoding="UTF-8" ?>
<testsuite tests="7" failures="0" name="runners.TestRunner" time="0.904" errors="0" skipped="0">
  <properties>
[...]
</properties>
  <testcase classname="| Lakshay |" name="Given user is on Home Page" time="0.004"/>
  <testcase classname="| Lakshay |" name="When he search for &quot;dress&quot;" time="0"/>
  <testcase classname="| Lakshay |" name="And choose to buy the first item" time="0"/>
  <testcase classname="| Lakshay |" name="And moves to checkout from mini cart" time="0"/>
  <testcase classname="| Lakshay |" name="And enter &quot;Lakshay&quot; personal details on checkout page" time="0"/>
  <testcase classname="| Lakshay |" name="And place the order" time="0"/>
  <testcase classname="| Lakshay |" name="| Lakshay |" time="0.9"/>
</testsuite>